0 info it worked if it ends with ok
1 verbose cli [ 'C:\\Program Files\\nodejs\\node.exe',
1 verbose cli   'C:\\Program Files\\nodejs\\node_modules\\npm\\bin\\npm-cli.js',
1 verbose cli   'install',
1 verbose cli   'angular/cli' ]
2 info using npm@3.10.10
3 info using node@v6.11.2
4 silly loadCurrentTree Starting
5 silly install loadCurrentTree
6 silly install readLocalPackageData
7 silly fetchPackageMetaData angular/cli
8 silly fetchOtherPackageData angular/cli
9 silly cache add args [ 'angular/cli', null ]
10 verbose cache add spec angular/cli
11 silly cache add parsed spec Result {
11 silly cache add   raw: 'angular/cli',
11 silly cache add   scope: null,
11 silly cache add   escapedName: null,
11 silly cache add   name: null,
11 silly cache add   rawSpec: 'angular/cli',
11 silly cache add   spec: 'github:angular/cli',
11 silly cache add   type: 'hosted',
11 silly cache add   hosted:
11 silly cache add    { type: 'github',
11 silly cache add      ssh: 'git@github.com:angular/cli.git',
11 silly cache add      sshUrl: 'git+ssh://git@github.com/angular/cli.git',
11 silly cache add      httpsUrl: 'git+https://github.com/angular/cli.git',
11 silly cache add      gitUrl: 'git://github.com/angular/cli.git',
11 silly cache add      shortcut: 'github:angular/cli',
11 silly cache add      directUrl: 'https://raw.githubusercontent.com/angular/cli/master/package.json' } }
12 verbose addRemoteGit caching angular/cli
13 verbose addRemoteGit angular/cli is a repository hosted by github
14 silly tryGitProto attempting to clone git://github.com/angular/cli.git
15 silly tryClone cloning angular/cli via git://github.com/angular/cli.git
16 verbose tryClone git-github-com-angular-cli-git-abc2a622 not in flight; caching
17 verbose correctMkdir C:\Users\Jonathan\AppData\Roaming\npm-cache\_git-remotes correctMkdir not in flight; initializing
18 info git [ 'config', '--get', 'remote.origin.url' ]
19 warn addRemoteGit Error: Command failed: git -c core.longpaths=true config --get remote.origin.url
19 warn addRemoteGit
19 warn addRemoteGit     at ChildProcess.exithandler (child_process.js:198:12)
19 warn addRemoteGit     at emitTwo (events.js:106:13)
19 warn addRemoteGit     at ChildProcess.emit (events.js:191:7)
19 warn addRemoteGit     at maybeClose (internal/child_process.js:891:16)
19 warn addRemoteGit     at Process.ChildProcess._handle.onexit (internal/child_process.js:226:5)
19 warn addRemoteGit  angular/cli resetting remote C:\Users\Jonathan\AppData\Roaming\npm-cache\_git-remotes\git-github-com-angular-cli-git-abc2a622 because of error: { Error: Command failed: git -c core.longpaths=true config --get remote.origin.url
19 warn addRemoteGit
19 warn addRemoteGit     at ChildProcess.exithandler (child_process.js:198:12)
19 warn addRemoteGit     at emitTwo (events.js:106:13)
19 warn addRemoteGit     at ChildProcess.emit (events.js:191:7)
19 warn addRemoteGit     at maybeClose (internal/child_process.js:891:16)
19 warn addRemoteGit     at Process.ChildProcess._handle.onexit (internal/child_process.js:226:5)
19 warn addRemoteGit   killed: false,
19 warn addRemoteGit   code: 1,
19 warn addRemoteGit   signal: null,
19 warn addRemoteGit   cmd: 'git -c core.longpaths=true config --get remote.origin.url' }
20 info resetRemote resetting C:\Users\Jonathan\AppData\Roaming\npm-cache\_git-remotes\git-github-com-angular-cli-git-abc2a622 for angular/cli
21 silly gentlyRm C:\Users\Jonathan\AppData\Roaming\npm-cache\_git-remotes\git-github-com-angular-cli-git-abc2a622 is being purged
22 verbose gentlyRm don't care about contents; nuking C:\Users\Jonathan\AppData\Roaming\npm-cache\_git-remotes\git-github-com-angular-cli-git-abc2a622
23 silly vacuum-fs purging C:\Users\Jonathan\AppData\Roaming\npm-cache\_git-remotes\git-github-com-angular-cli-git-abc2a622
24 silly vacuum-fs quitting because other entries in C:\Users\Jonathan\AppData\Roaming\npm-cache\_git-remotes
25 info git [ 'clone',
25 info git   '--template=C:\\Users\\Jonathan\\AppData\\Roaming\\npm-cache\\_git-remotes\\_templates',
25 info git   '--mirror',
25 info git   'git://github.com/angular/cli.git',
25 info git   'C:\\Users\\Jonathan\\AppData\\Roaming\\npm-cache\\_git-remotes\\git-github-com-angular-cli-git-abc2a622' ]
26 error git clone --template=C:\Users\Jonathan\AppData\Roaming\npm-cache\_git-remotes\_templates --mirror git://github.com/angular/cli.git C:\Users\Jonathan\AppData\Roaming\npm-cache\_git-remotes\git-github-com-angular-cli-git-abc2a622: Cloning into bare repository 'C:\Users\Jonathan\AppData\Roaming\npm-cache\_git-remotes\git-github-com-angular-cli-git-abc2a622'...
26 error git clone --template=C:\Users\Jonathan\AppData\Roaming\npm-cache\_git-remotes\_templates --mirror git://github.com/angular/cli.git C:\Users\Jonathan\AppData\Roaming\npm-cache\_git-remotes\git-github-com-angular-cli-git-abc2a622: fatal: remote error:
26 error git clone --template=C:\Users\Jonathan\AppData\Roaming\npm-cache\_git-remotes\_templates --mirror git://github.com/angular/cli.git C:\Users\Jonathan\AppData\Roaming\npm-cache\_git-remotes\git-github-com-angular-cli-git-abc2a622:   Repository not found.
27 silly tryHTTPS attempting to clone git+https://github.com/angular/cli.git
28 silly tryClone cloning angular/cli via git+https://github.com/angular/cli.git
29 verbose tryClone git-https-github-com-angular-cli-git-7e325762 not in flight; caching
30 verbose correctMkdir C:\Users\Jonathan\AppData\Roaming\npm-cache\_git-remotes correctMkdir not in flight; initializing
31 info git [ 'config', '--get', 'remote.origin.url' ]
32 warn addRemoteGit Error: Command failed: git -c core.longpaths=true config --get remote.origin.url
32 warn addRemoteGit
32 warn addRemoteGit     at ChildProcess.exithandler (child_process.js:198:12)
32 warn addRemoteGit     at emitTwo (events.js:106:13)
32 warn addRemoteGit     at ChildProcess.emit (events.js:191:7)
32 warn addRemoteGit     at maybeClose (internal/child_process.js:891:16)
32 warn addRemoteGit     at Process.ChildProcess._handle.onexit (internal/child_process.js:226:5)
32 warn addRemoteGit  angular/cli resetting remote C:\Users\Jonathan\AppData\Roaming\npm-cache\_git-remotes\git-https-github-com-angular-cli-git-7e325762 because of error: { Error: Command failed: git -c core.longpaths=true config --get remote.origin.url
32 warn addRemoteGit
32 warn addRemoteGit     at ChildProcess.exithandler (child_process.js:198:12)
32 warn addRemoteGit     at emitTwo (events.js:106:13)
32 warn addRemoteGit     at ChildProcess.emit (events.js:191:7)
32 warn addRemoteGit     at maybeClose (internal/child_process.js:891:16)
32 warn addRemoteGit     at Process.ChildProcess._handle.onexit (internal/child_process.js:226:5)
32 warn addRemoteGit   killed: false,
32 warn addRemoteGit   code: 1,
32 warn addRemoteGit   signal: null,
32 warn addRemoteGit   cmd: 'git -c core.longpaths=true config --get remote.origin.url' }
33 info resetRemote resetting C:\Users\Jonathan\AppData\Roaming\npm-cache\_git-remotes\git-https-github-com-angular-cli-git-7e325762 for angular/cli
34 silly gentlyRm C:\Users\Jonathan\AppData\Roaming\npm-cache\_git-remotes\git-https-github-com-angular-cli-git-7e325762 is being purged
35 verbose gentlyRm don't care about contents; nuking C:\Users\Jonathan\AppData\Roaming\npm-cache\_git-remotes\git-https-github-com-angular-cli-git-7e325762
36 silly vacuum-fs purging C:\Users\Jonathan\AppData\Roaming\npm-cache\_git-remotes\git-https-github-com-angular-cli-git-7e325762
37 silly vacuum-fs quitting because other entries in C:\Users\Jonathan\AppData\Roaming\npm-cache\_git-remotes
38 info git [ 'clone',
38 info git   '--template=C:\\Users\\Jonathan\\AppData\\Roaming\\npm-cache\\_git-remotes\\_templates',
38 info git   '--mirror',
38 info git   'https://github.com/angular/cli.git',
38 info git   'C:\\Users\\Jonathan\\AppData\\Roaming\\npm-cache\\_git-remotes\\git-https-github-com-angular-cli-git-7e325762' ]
39 error git clone --template=C:\Users\Jonathan\AppData\Roaming\npm-cache\_git-remotes\_templates --mirror https://github.com/angular/cli.git C:\Users\Jonathan\AppData\Roaming\npm-cache\_git-remotes\git-https-github-com-angular-cli-git-7e325762: Cloning into bare repository 'C:\Users\Jonathan\AppData\Roaming\npm-cache\_git-remotes\git-https-github-com-angular-cli-git-7e325762'...
39 error git clone --template=C:\Users\Jonathan\AppData\Roaming\npm-cache\_git-remotes\_templates --mirror https://github.com/angular/cli.git C:\Users\Jonathan\AppData\Roaming\npm-cache\_git-remotes\git-https-github-com-angular-cli-git-7e325762: remote: Repository not found.
39 error git clone --template=C:\Users\Jonathan\AppData\Roaming\npm-cache\_git-remotes\_templates --mirror https://github.com/angular/cli.git C:\Users\Jonathan\AppData\Roaming\npm-cache\_git-remotes\git-https-github-com-angular-cli-git-7e325762: fatal: repository 'https://github.com/angular/cli.git/' not found
40 silly trySSH attempting to clone git@github.com:angular/cli.git
41 silly tryClone cloning angular/cli via git@github.com:angular/cli.git
42 verbose tryClone git-github-com-angular-cli-git-05516032 not in flight; caching
43 verbose correctMkdir C:\Users\Jonathan\AppData\Roaming\npm-cache\_git-remotes correctMkdir not in flight; initializing
44 info git [ 'config', '--get', 'remote.origin.url' ]
45 warn addRemoteGit Error: Command failed: git -c core.longpaths=true config --get remote.origin.url
45 warn addRemoteGit
45 warn addRemoteGit     at ChildProcess.exithandler (child_process.js:198:12)
45 warn addRemoteGit     at emitTwo (events.js:106:13)
45 warn addRemoteGit     at ChildProcess.emit (events.js:191:7)
45 warn addRemoteGit     at maybeClose (internal/child_process.js:891:16)
45 warn addRemoteGit     at Process.ChildProcess._handle.onexit (internal/child_process.js:226:5)
45 warn addRemoteGit  angular/cli resetting remote C:\Users\Jonathan\AppData\Roaming\npm-cache\_git-remotes\git-github-com-angular-cli-git-05516032 because of error: { Error: Command failed: git -c core.longpaths=true config --get remote.origin.url
45 warn addRemoteGit
45 warn addRemoteGit     at ChildProcess.exithandler (child_process.js:198:12)
45 warn addRemoteGit     at emitTwo (events.js:106:13)
45 warn addRemoteGit     at ChildProcess.emit (events.js:191:7)
45 warn addRemoteGit     at maybeClose (internal/child_process.js:891:16)
45 warn addRemoteGit     at Process.ChildProcess._handle.onexit (internal/child_process.js:226:5)
45 warn addRemoteGit   killed: false,
45 warn addRemoteGit   code: 1,
45 warn addRemoteGit   signal: null,
45 warn addRemoteGit   cmd: 'git -c core.longpaths=true config --get remote.origin.url' }
46 info resetRemote resetting C:\Users\Jonathan\AppData\Roaming\npm-cache\_git-remotes\git-github-com-angular-cli-git-05516032 for angular/cli
47 silly gentlyRm C:\Users\Jonathan\AppData\Roaming\npm-cache\_git-remotes\git-github-com-angular-cli-git-05516032 is being purged
48 verbose gentlyRm don't care about contents; nuking C:\Users\Jonathan\AppData\Roaming\npm-cache\_git-remotes\git-github-com-angular-cli-git-05516032
49 silly vacuum-fs purging C:\Users\Jonathan\AppData\Roaming\npm-cache\_git-remotes\git-github-com-angular-cli-git-05516032
50 silly vacuum-fs quitting because other entries in C:\Users\Jonathan\AppData\Roaming\npm-cache\_git-remotes
51 info git [ 'clone',
51 info git   '--template=C:\\Users\\Jonathan\\AppData\\Roaming\\npm-cache\\_git-remotes\\_templates',
51 info git   '--mirror',
51 info git   'git@github.com:angular/cli.git',
51 info git   'C:\\Users\\Jonathan\\AppData\\Roaming\\npm-cache\\_git-remotes\\git-github-com-angular-cli-git-05516032' ]
52 error git clone --template=C:\Users\Jonathan\AppData\Roaming\npm-cache\_git-remotes\_templates --mirror git@github.com:angular/cli.git C:\Users\Jonathan\AppData\Roaming\npm-cache\_git-remotes\git-github-com-angular-cli-git-05516032: Cloning into bare repository 'C:\Users\Jonathan\AppData\Roaming\npm-cache\_git-remotes\git-github-com-angular-cli-git-05516032'...
52 error git clone --template=C:\Users\Jonathan\AppData\Roaming\npm-cache\_git-remotes\_templates --mirror git@github.com:angular/cli.git C:\Users\Jonathan\AppData\Roaming\npm-cache\_git-remotes\git-github-com-angular-cli-git-05516032: Permission denied (publickey).
52 error git clone --template=C:\Users\Jonathan\AppData\Roaming\npm-cache\_git-remotes\_templates --mirror git@github.com:angular/cli.git C:\Users\Jonathan\AppData\Roaming\npm-cache\_git-remotes\git-github-com-angular-cli-git-05516032: fatal: Could not read from remote repository.
52 error git clone --template=C:\Users\Jonathan\AppData\Roaming\npm-cache\_git-remotes\_templates --mirror git@github.com:angular/cli.git C:\Users\Jonathan\AppData\Roaming\npm-cache\_git-remotes\git-github-com-angular-cli-git-05516032:
52 error git clone --template=C:\Users\Jonathan\AppData\Roaming\npm-cache\_git-remotes\_templates --mirror git@github.com:angular/cli.git C:\Users\Jonathan\AppData\Roaming\npm-cache\_git-remotes\git-github-com-angular-cli-git-05516032: Please make sure you have the correct access rights
52 error git clone --template=C:\Users\Jonathan\AppData\Roaming\npm-cache\_git-remotes\_templates --mirror git@github.com:angular/cli.git C:\Users\Jonathan\AppData\Roaming\npm-cache\_git-remotes\git-github-com-angular-cli-git-05516032: and the repository exists.
53 silly fetchPackageMetaData Error: Command failed: git -c core.longpaths=true clone --template=C:\Users\Jonathan\AppData\Roaming\npm-cache\_git-remotes\_templates --mirror git@github.com:angular/cli.git C:\Users\Jonathan\AppData\Roaming\npm-cache\_git-remotes\git-github-com-angular-cli-git-05516032
53 silly fetchPackageMetaData Cloning into bare repository 'C:\Users\Jonathan\AppData\Roaming\npm-cache\_git-remotes\git-github-com-angular-cli-git-05516032'...
53 silly fetchPackageMetaData Permission denied (publickey).
53 silly fetchPackageMetaData fatal: Could not read from remote repository.
53 silly fetchPackageMetaData
53 silly fetchPackageMetaData Please make sure you have the correct access rights
53 silly fetchPackageMetaData and the repository exists.
53 silly fetchPackageMetaData
53 silly fetchPackageMetaData     at ChildProcess.exithandler (child_process.js:198:12)
53 silly fetchPackageMetaData     at emitTwo (events.js:106:13)
53 silly fetchPackageMetaData     at ChildProcess.emit (events.js:191:7)
53 silly fetchPackageMetaData     at maybeClose (internal/child_process.js:891:16)
53 silly fetchPackageMetaData     at Process.ChildProcess._handle.onexit (internal/child_process.js:226:5)
53 silly fetchPackageMetaData  error for angular/cli { Error: Command failed: git -c core.longpaths=true clone --template=C:\Users\Jonathan\AppData\Roaming\npm-cache\_git-remotes\_templates --mirror git@github.com:angular/cli.git C:\Users\Jonathan\AppData\Roaming\npm-cache\_git-remotes\git-github-com-angular-cli-git-05516032
53 silly fetchPackageMetaData Cloning into bare repository 'C:\Users\Jonathan\AppData\Roaming\npm-cache\_git-remotes\git-github-com-angular-cli-git-05516032'...
53 silly fetchPackageMetaData Permission denied (publickey).
53 silly fetchPackageMetaData fatal: Could not read from remote repository.
53 silly fetchPackageMetaData
53 silly fetchPackageMetaData Please make sure you have the correct access rights
53 silly fetchPackageMetaData and the repository exists.
53 silly fetchPackageMetaData
53 silly fetchPackageMetaData     at ChildProcess.exithandler (child_process.js:198:12)
53 silly fetchPackageMetaData     at emitTwo (events.js:106:13)
53 silly fetchPackageMetaData     at ChildProcess.emit (events.js:191:7)
53 silly fetchPackageMetaData     at maybeClose (internal/child_process.js:891:16)
53 silly fetchPackageMetaData     at Process.ChildProcess._handle.onexit (internal/child_process.js:226:5)
53 silly fetchPackageMetaData   killed: false,
53 silly fetchPackageMetaData   code: 128,
53 silly fetchPackageMetaData   signal: null,
53 silly fetchPackageMetaData   cmd: 'git -c core.longpaths=true clone --template=C:\\Users\\Jonathan\\AppData\\Roaming\\npm-cache\\_git-remotes\\_templates --mirror git@github.com:angular/cli.git C:\\Users\\Jonathan\\AppData\\Roaming\\npm-cache\\_git-remotes\\git-github-com-angular-cli-git-05516032' }
54 silly rollbackFailedOptional Starting
55 silly rollbackFailedOptional Finishing
56 silly runTopLevelLifecycles Finishing
57 silly install printInstalled
58 verbose stack Error: Command failed: git -c core.longpaths=true clone --template=C:\Users\Jonathan\AppData\Roaming\npm-cache\_git-remotes\_templates --mirror git@github.com:angular/cli.git C:\Users\Jonathan\AppData\Roaming\npm-cache\_git-remotes\git-github-com-angular-cli-git-05516032
58 verbose stack Cloning into bare repository 'C:\Users\Jonathan\AppData\Roaming\npm-cache\_git-remotes\git-github-com-angular-cli-git-05516032'...
58 verbose stack Permission denied (publickey).
58 verbose stack fatal: Could not read from remote repository.
58 verbose stack
58 verbose stack Please make sure you have the correct access rights
58 verbose stack and the repository exists.
58 verbose stack
58 verbose stack     at ChildProcess.exithandler (child_process.js:198:12)
58 verbose stack     at emitTwo (events.js:106:13)
58 verbose stack     at ChildProcess.emit (events.js:191:7)
58 verbose stack     at maybeClose (internal/child_process.js:891:16)
58 verbose stack     at Process.ChildProcess._handle.onexit (internal/child_process.js:226:5)
59 verbose cwd C:\Users\Jonathan\test2
60 error Windows_NT 10.0.15063
61 error argv "C:\\Program Files\\nodejs\\node.exe" "C:\\Program Files\\nodejs\\node_modules\\npm\\bin\\npm-cli.js" "install" "angular/cli"
62 error node v6.11.2
63 error npm  v3.10.10
64 error code 128
65 error Command failed: git -c core.longpaths=true clone --template=C:\Users\Jonathan\AppData\Roaming\npm-cache\_git-remotes\_templates --mirror git@github.com:angular/cli.git C:\Users\Jonathan\AppData\Roaming\npm-cache\_git-remotes\git-github-com-angular-cli-git-05516032
65 error Cloning into bare repository 'C:\Users\Jonathan\AppData\Roaming\npm-cache\_git-remotes\git-github-com-angular-cli-git-05516032'...
65 error Permission denied (publickey).
65 error fatal: Could not read from remote repository.
65 error
65 error Please make sure you have the correct access rights
65 error and the repository exists.
66 error If you need help, you may report this error at:
66 error     <https://github.com/npm/npm/issues>
67 verbose exit [ 1, true ]
